# JRE version: Java(TM) SE Runtime Environment (8.0_152-b16) (build 1.8.0_152-b16)
# Java VM: Java HotSpot(TM) 64-Bit Server VM (25.152-b16 mixed mode windows-amd64 compressed oops)
Heap:
 PSYoungGen      total 111104K, used 93555K [0x00000000eb380000, 0x00000000f3e80000, 0x0000000100000000)
  eden space 104960K, 83% used [0x00000000eb380000,0x00000000f08e0000,0x00000000f1a00000)
  from space 6144K, 99% used [0x00000000f3880000,0x00000000f3e7cd90,0x00000000f3e80000)
  to   space 8704K, 0% used [0x00000000f2d80000,0x00000000f2d80000,0x00000000f3600000)
 ParOldGen       total 34304K, used 12665K [0x00000000c1a00000, 0x00000000c3b80000, 0x00000000eb380000)
  object space 34304K, 36% used [0x00000000c1a00000,0x00000000c265e740,0x00000000c3b80000)
 Metaspace       used 29139K, capacity 29524K, committed 29696K, reserved 1075200K
  class space    used 3637K, capacity 3742K, committed 3840K, reserved 1048576K
GC Heap History (10 events):
Event: 1.245 GC heap before
{Heap before GC invocations=5 (full 0):
 PSYoungGen      total 35328K, used 35304K [0x00000000eb380000, 0x00000000ed880000, 0x0000000100000000)
  eden space 32768K, 100% used [0x00000000eb380000,0x00000000ed380000,0x00000000ed380000)
  from space 2560K, 99% used [0x00000000ed600000,0x00000000ed87a020,0x00000000ed880000)
  to   space 2560K, 0% used [0x00000000ed380000,0x00000000ed380000,0x00000000ed600000)
 ParOldGen       total 44032K, used 6780K [0x00000000c1a00000, 0x00000000c4500000, 0x00000000eb380000)
  object space 44032K, 15% used [0x00000000c1a00000,0x00000000c209f318,0x00000000c4500000)
 Metaspace       used 16529K, capacity 16814K, committed 17024K, reserved 1064960K
  class space    used 2042K, capacity 2100K, committed 2176K, reserved 1048576K
Event: 1.252 GC heap after
Heap after GC invocations=5 (full 0):
 PSYoungGen      total 35328K, used 2536K [0x00000000eb380000, 0x00000000eff80000, 0x0000000100000000)
  eden space 32768K, 0% used [0x00000000eb380000,0x00000000eb380000,0x00000000ed380000)
  from space 2560K, 99% used [0x00000000ed380000,0x00000000ed5fa040,0x00000000ed600000)
  to   space 6144K, 0% used [0x00000000ef980000,0x00000000ef980000,0x00000000eff80000)
 ParOldGen       total 44032K, used 9559K [0x00000000c1a00000, 0x00000000c4500000, 0x00000000eb380000)
  object space 44032K, 21% used [0x00000000c1a00000,0x00000000c2355ec8,0x00000000c4500000)
 Metaspace       used 16529K, capacity 16814K, committed 17024K, reserved 1064960K
  class space    used 2042K, capacity 2100K, committed 2176K, reserved 1048576K
}
Event: 1.419 GC heap before
{Heap before GC invocations=6 (full 0):
 PSYoungGen      total 35328K, used 35304K [0x00000000eb380000, 0x00000000eff80000, 0x0000000100000000)
  eden space 32768K, 100% used [0x00000000eb380000,0x00000000ed380000,0x00000000ed380000)
  from space 2560K, 99% used [0x00000000ed380000,0x00000000ed5fa040,0x00000000ed600000)
  to   space 6144K, 0% used [0x00000000ef980000,0x00000000ef980000,0x00000000eff80000)
 ParOldGen       total 44032K, used 9559K [0x00000000c1a00000, 0x00000000c4500000, 0x00000000eb380000)
  object space 44032K, 21% used [0x00000000c1a00000,0x00000000c2355ec8,0x00000000c4500000)
 Metaspace       used 19308K, capacity 19592K, committed 19712K, reserved 1067008K
  class space    used 2383K, capacity 2474K, committed 2560K, reserved 1048576K
Event: 1.423 GC heap after
Heap after GC invocations=6 (full 0):
 PSYoungGen      total 71168K, used 5099K [0x00000000eb380000, 0x00000000f0080000, 0x0000000100000000)
  eden space 65024K, 0% used [0x00000000eb380000,0x00000000eb380000,0x00000000ef300000)
  from space 6144K, 83% used [0x00000000ef980000,0x00000000efe7afa8,0x00000000eff80000)
  to   space 6656K, 0% used [0x00000000ef300000,0x00000000ef300000,0x00000000ef980000)
 ParOldGen       total 44032K, used 9567K [0x00000000c1a00000, 0x00000000c4500000, 0x00000000eb380000)
  object space 44032K, 21% used [0x00000000c1a00000,0x00000000c2357ec8,0x00000000c4500000)
 Metaspace       used 19308K, capacity 19592K, committed 19712K, reserved 1067008K
  class space    used 2383K, capacity 2474K, committed 2560K, reserved 1048576K
}
Event: 1.640 GC heap before
{Heap before GC invocations=7 (full 0):
 PSYoungGen      total 71168K, used 25823K [0x00000000eb380000, 0x00000000f0080000, 0x0000000100000000)
  eden space 65024K, 31% used [0x00000000eb380000,0x00000000ec7bcfd8,0x00000000ef300000)
  from space 6144K, 83% used [0x00000000ef980000,0x00000000efe7afa8,0x00000000eff80000)
  to   space 6656K, 0% used [0x00000000ef300000,0x00000000ef300000,0x00000000ef980000)
 ParOldGen       total 44032K, used 9567K [0x00000000c1a00000, 0x00000000c4500000, 0x00000000eb380000)
  object space 44032K, 21% used [0x00000000c1a00000,0x00000000c2357ec8,0x00000000c4500000)
 Metaspace       used 20919K, capacity 21220K, committed 21296K, reserved 1069056K
  class space    used 2581K, capacity 2670K, committed 2688K, reserved 1048576K
Event: 1.655 GC heap after
Heap after GC invocations=7 (full 0):
 PSYoungGen      total 71680K, used 4722K [0x00000000eb380000, 0x00000000f3e80000, 0x0000000100000000)
  eden space 65024K, 0% used [0x00000000eb380000,0x00000000eb380000,0x00000000ef300000)
  from space 6656K, 70% used [0x00000000ef300000,0x00000000ef79c9e8,0x00000000ef980000)
  to   space 6144K, 0% used [0x00000000f3880000,0x00000000f3880000,0x00000000f3e80000)
 ParOldGen       total 44032K, used 10480K [0x00000000c1a00000, 0x00000000c4500000, 0x00000000eb380000)
  object space 44032K, 23% used [0x00000000c1a00000,0x00000000c243c248,0x00000000c4500000)
 Metaspace       used 20919K, capacity 21220K, committed 21296K, reserved 1069056K
  class space    used 2581K, capacity 2670K, committed 2688K, reserved 1048576K
}
Event: 1.655 GC heap before
{Heap before GC invocations=8 (full 1):
 PSYoungGen      total 71680K, used 4722K [0x00000000eb380000, 0x00000000f3e80000, 0x0000000100000000)
  eden space 65024K, 0% used [0x00000000eb380000,0x00000000eb380000,0x00000000ef300000)
  from space 6656K, 70% used [0x00000000ef300000,0x00000000ef79c9e8,0x00000000ef980000)
  to   space 6144K, 0% used [0x00000000f3880000,0x00000000f3880000,0x00000000f3e80000)
 ParOldGen       total 44032K, used 10480K [0x00000000c1a00000, 0x00000000c4500000, 0x00000000eb380000)
  object space 44032K, 23% used [0x00000000c1a00000,0x00000000c243c248,0x00000000c4500000)
 Metaspace       used 20919K, capacity 21220K, committed 21296K, reserved 1069056K
  class space    used 2581K, capacity 2670K, committed 2688K, reserved 1048576K
Event: 1.683 GC heap after
Heap after GC invocations=8 (full 1):
 PSYoungGen      total 71680K, used 0K [0x00000000eb380000, 0x00000000f3e80000, 0x0000000100000000)
  eden space 65024K, 0% used [0x00000000eb380000,0x00000000eb380000,0x00000000ef300000)
  from space 6656K, 0% used [0x00000000ef300000,0x00000000ef300000,0x00000000ef980000)
  to   space 6144K, 0% used [0x00000000f3880000,0x00000000f3880000,0x00000000f3e80000)
 ParOldGen       total 34304K, used 8492K [0x00000000c1a00000, 0x00000000c3b80000, 0x00000000eb380000)
  object space 34304K, 24% used [0x00000000c1a00000,0x00000000c224b2c0,0x00000000c3b80000)
 Metaspace       used 20919K, capacity 21220K, committed 21296K, reserved 1069056K
  class space    used 2581K, capacity 2670K, committed 2688K, reserved 1048576K
}
Event: 2.985 GC heap before
{Heap before GC invocations=9 (full 1):
 PSYoungGen      total 71680K, used 65024K [0x00000000eb380000, 0x00000000f3e80000, 0x0000000100000000)
  eden space 65024K, 100% used [0x00000000eb380000,0x00000000ef300000,0x00000000ef300000)
  from space 6656K, 0% used [0x00000000ef300000,0x00000000ef300000,0x00000000ef980000)
  to   space 6144K, 0% used [0x00000000f3880000,0x00000000f3880000,0x00000000f3e80000)
 ParOldGen       total 34304K, used 8492K [0x00000000c1a00000, 0x00000000c3b80000, 0x00000000eb380000)
  object space 34304K, 24% used [0x00000000c1a00000,0x00000000c224b2c0,0x00000000c3b80000)
 Metaspace       used 26175K, capacity 26576K, committed 26752K, reserved 1073152K
  class space    used 3252K, capacity 3345K, committed 3456K, reserved 1048576K
Event: 2.997 GC heap after
Heap after GC invocations=9 (full 1):
 PSYoungGen      total 111104K, used 6131K [0x00000000eb380000, 0x00000000f3e80000, 0x0000000100000000)
  eden space 104960K, 0% used [0x00000000eb380000,0x00000000eb380000,0x00000000f1a00000)
  from space 6144K, 99% used [0x00000000f3880000,0x00000000f3e7cd90,0x00000000f3e80000)
  to   space 8704K, 0% used [0x00000000f2d80000,0x00000000f2d80000,0x00000000f3600000)
 ParOldGen       total 34304K, used 12665K [0x00000000c1a00000, 0x00000000c3b80000, 0x00000000eb380000)
  object space 34304K, 36% used [0x00000000c1a00000,0x00000000c265e740,0x00000000c3b80000)
 Metaspace       used 26175K, capacity 26576K, committed 26752K, reserved 1073152K
  class space    used 3252K, capacity 3345K, committed 3456K, reserved 1048576K
}

